SUMMARY:
- Pytest executed from server/ collected 0 tests; run completed without executing any cases.

===================================================== test session starts ======================================================
platform linux -- Python 3.12.10, pytest-8.4.1, pluggy-1.6.0
rootdir: /workspace/prisma
configfile: pytest.ini
plugins: asyncio-0.26.0, anyio-4.11.0, mock-3.15.1, cov-5.0.0
asyncio: mode=Mode.AUTO, asyncio_default_fixture_loop_scope=None, asyncio_default_test_loop_scope=function
collected 0 items

